mode: atomic
github.com/fabriziosalmi/rainlogs/pkg/logger/logger.go:9.43,11.25 2 0
github.com/fabriziosalmi/rainlogs/pkg/logger/logger.go:11.25,15.3 3 0
github.com/fabriziosalmi/rainlogs/pkg/logger/logger.go:15.8,18.3 2 0
github.com/fabriziosalmi/rainlogs/pkg/logger/logger.go:19.2,19.20 1 0
github.com/fabriziosalmi/rainlogs/pkg/logger/logger.go:23.35,25.16 2 0
github.com/fabriziosalmi/rainlogs/pkg/logger/logger.go:25.16,26.51 1 0
github.com/fabriziosalmi/rainlogs/pkg/logger/logger.go:28.2,28.12 1 0
github.com/fabriziosalmi/rainlogs/internal/api/handlers/handlers.go:30.107,37.2 1 0
github.com/fabriziosalmi/rainlogs/internal/api/handlers/handlers.go:48.76,51.22 3 0
github.com/fabriziosalmi/rainlogs/internal/api/handlers/handlers.go:51.22,53.3 1 0
github.com/fabriziosalmi/rainlogs/internal/api/handlers/handlers.go:54.2,54.27 1 0
github.com/fabriziosalmi/rainlogs/internal/api/handlers/handlers.go:58.40,61.2 2 0
github.com/fabriziosalmi/rainlogs/internal/api/handlers/handlers.go:66.56,68.9 2 0
github.com/fabriziosalmi/rainlogs/internal/api/handlers/handlers.go:68.9,70.3 1 0
github.com/fabriziosalmi/rainlogs/internal/api/handlers/handlers.go:71.2,71.15 1 0
github.com/fabriziosalmi/rainlogs/internal/api/handlers/handlers.go:84.57,86.37 2 0
github.com/fabriziosalmi/rainlogs/internal/api/handlers/handlers.go:86.37,88.3 1 0
github.com/fabriziosalmi/rainlogs/internal/api/handlers/handlers.go:89.2,89.111 1 0
github.com/fabriziosalmi/rainlogs/internal/api/handlers/handlers.go:89.111,91.3 1 0
github.com/fabriziosalmi/rainlogs/internal/api/handlers/handlers.go:93.2,94.16 2 0
github.com/fabriziosalmi/rainlogs/internal/api/handlers/handlers.go:94.16,96.3 1 0
github.com/fabriziosalmi/rainlogs/internal/api/handlers/handlers.go:98.2,107.79 2 0
github.com/fabriziosalmi/rainlogs/internal/api/handlers/handlers.go:107.79,108.29 1 0
github.com/fabriziosalmi/rainlogs/internal/api/handlers/handlers.go:108.29,110.4 1 0
github.com/fabriziosalmi/rainlogs/internal/api/handlers/handlers.go:111.3,112.80 2 0
github.com/fabriziosalmi/rainlogs/internal/api/handlers/handlers.go:115.2,115.45 1 0
github.com/fabriziosalmi/rainlogs/internal/api/handlers/handlers.go:118.54,120.16 2 0
github.com/fabriziosalmi/rainlogs/internal/api/handlers/handlers.go:120.16,122.3 1 0
github.com/fabriziosalmi/rainlogs/internal/api/handlers/handlers.go:124.2,125.16 2 0
github.com/fabriziosalmi/rainlogs/internal/api/handlers/handlers.go:125.16,127.3 1 0
github.com/fabriziosalmi/rainlogs/internal/api/handlers/handlers.go:128.2,128.22 1 0
github.com/fabriziosalmi/rainlogs/internal/api/handlers/handlers.go:128.22,130.3 1 0
github.com/fabriziosalmi/rainlogs/internal/api/handlers/handlers.go:132.2,133.16 2 0
github.com/fabriziosalmi/rainlogs/internal/api/handlers/handlers.go:133.16,135.3 1 0
github.com/fabriziosalmi/rainlogs/internal/api/handlers/handlers.go:137.2,137.40 1 0
github.com/fabriziosalmi/rainlogs/internal/api/handlers/handlers.go:141.57,143.16 2 0
github.com/fabriziosalmi/rainlogs/internal/api/handlers/handlers.go:143.16,145.3 1 0
github.com/fabriziosalmi/rainlogs/internal/api/handlers/handlers.go:147.2,148.16 2 0
github.com/fabriziosalmi/rainlogs/internal/api/handlers/handlers.go:148.16,150.3 1 0
github.com/fabriziosalmi/rainlogs/internal/api/handlers/handlers.go:151.2,151.22 1 0
github.com/fabriziosalmi/rainlogs/internal/api/handlers/handlers.go:151.22,153.3 1 0
github.com/fabriziosalmi/rainlogs/internal/api/handlers/handlers.go:155.2,159.16 3 0
github.com/fabriziosalmi/rainlogs/internal/api/handlers/handlers.go:159.16,161.3 1 0
github.com/fabriziosalmi/rainlogs/internal/api/handlers/handlers.go:161.8,162.28 1 0
github.com/fabriziosalmi/rainlogs/internal/api/handlers/handlers.go:162.28,163.23 1 0
github.com/fabriziosalmi/rainlogs/internal/api/handlers/handlers.go:163.23,164.72 1 0
github.com/fabriziosalmi/rainlogs/internal/api/handlers/handlers.go:164.72,166.6 1 0
github.com/fabriziosalmi/rainlogs/internal/api/handlers/handlers.go:167.5,167.46 1 0
github.com/fabriziosalmi/rainlogs/internal/api/handlers/handlers.go:173.2,173.73 1 0
github.com/fabriziosalmi/rainlogs/internal/api/handlers/handlers.go:173.73,175.3 1 0
github.com/fabriziosalmi/rainlogs/internal/api/handlers/handlers.go:178.2,178.71 1 0
github.com/fabriziosalmi/rainlogs/internal/api/handlers/handlers.go:178.71,180.3 1 0
github.com/fabriziosalmi/rainlogs/internal/api/handlers/handlers.go:183.2,183.67 1 0
github.com/fabriziosalmi/rainlogs/internal/api/handlers/handlers.go:183.67,186.3 2 0
github.com/fabriziosalmi/rainlogs/internal/api/handlers/handlers.go:188.2,188.42 1 0
github.com/fabriziosalmi/rainlogs/internal/api/handlers/handlers.go:200.40,201.27 1 0
github.com/fabriziosalmi/rainlogs/internal/api/handlers/handlers.go:201.27,203.3 1 0
github.com/fabriziosalmi/rainlogs/internal/api/handlers/handlers.go:204.2,204.83 1 0
github.com/fabriziosalmi/rainlogs/internal/api/handlers/handlers.go:204.83,206.3 1 0
github.com/fabriziosalmi/rainlogs/internal/api/handlers/handlers.go:207.2,207.13 1 0
github.com/fabriziosalmi/rainlogs/internal/api/handlers/handlers.go:217.53,219.16 2 0
github.com/fabriziosalmi/rainlogs/internal/api/handlers/handlers.go:219.16,221.3 1 0
github.com/fabriziosalmi/rainlogs/internal/api/handlers/handlers.go:223.2,224.37 2 0
github.com/fabriziosalmi/rainlogs/internal/api/handlers/handlers.go:224.37,226.3 1 0
github.com/fabriziosalmi/rainlogs/internal/api/handlers/handlers.go:229.2,229.20 1 0
github.com/fabriziosalmi/rainlogs/internal/api/handlers/handlers.go:229.20,231.3 1 0
github.com/fabriziosalmi/rainlogs/internal/api/handlers/handlers.go:233.2,234.116 2 0
github.com/fabriziosalmi/rainlogs/internal/api/handlers/handlers.go:234.116,236.3 1 0
github.com/fabriziosalmi/rainlogs/internal/api/handlers/handlers.go:239.2,239.18 1 0
github.com/fabriziosalmi/rainlogs/internal/api/handlers/handlers.go:240.70,240.70 0 0
github.com/fabriziosalmi/rainlogs/internal/api/handlers/handlers.go:242.10,243.79 1 0
github.com/fabriziosalmi/rainlogs/internal/api/handlers/handlers.go:246.2,256.71 2 0
github.com/fabriziosalmi/rainlogs/internal/api/handlers/handlers.go:256.71,259.3 2 0
github.com/fabriziosalmi/rainlogs/internal/api/handlers/handlers.go:261.2,261.41 1 0
github.com/fabriziosalmi/rainlogs/internal/api/handlers/handlers.go:264.52,266.16 2 0
github.com/fabriziosalmi/rainlogs/internal/api/handlers/handlers.go:266.16,268.3 1 0
github.com/fabriziosalmi/rainlogs/internal/api/handlers/handlers.go:270.2,271.16 2 0
github.com/fabriziosalmi/rainlogs/internal/api/handlers/handlers.go:271.16,273.3 1 0
github.com/fabriziosalmi/rainlogs/internal/api/handlers/handlers.go:275.2,276.26 2 0
github.com/fabriziosalmi/rainlogs/internal/api/handlers/handlers.go:276.26,278.3 1 0
github.com/fabriziosalmi/rainlogs/internal/api/handlers/handlers.go:279.2,279.36 1 0
github.com/fabriziosalmi/rainlogs/internal/api/handlers/handlers.go:282.53,284.16 2 0
github.com/fabriziosalmi/rainlogs/internal/api/handlers/handlers.go:284.16,286.3 1 0
github.com/fabriziosalmi/rainlogs/internal/api/handlers/handlers.go:288.2,289.16 2 0
github.com/fabriziosalmi/rainlogs/internal/api/handlers/handlers.go:289.16,291.3 1 0
github.com/fabriziosalmi/rainlogs/internal/api/handlers/handlers.go:294.2,295.16 2 0
github.com/fabriziosalmi/rainlogs/internal/api/handlers/handlers.go:295.16,297.3 1 0
github.com/fabriziosalmi/rainlogs/internal/api/handlers/handlers.go:298.2,298.35 1 0
github.com/fabriziosalmi/rainlogs/internal/api/handlers/handlers.go:298.35,300.3 1 0
github.com/fabriziosalmi/rainlogs/internal/api/handlers/handlers.go:302.2,302.73 1 0
github.com/fabriziosalmi/rainlogs/internal/api/handlers/handlers.go:302.73,305.3 2 0
github.com/fabriziosalmi/rainlogs/internal/api/handlers/handlers.go:307.2,307.42 1 0
github.com/fabriziosalmi/rainlogs/internal/api/handlers/handlers.go:319.53,321.16 2 0
github.com/fabriziosalmi/rainlogs/internal/api/handlers/handlers.go:321.16,323.3 1 0
github.com/fabriziosalmi/rainlogs/internal/api/handlers/handlers.go:325.2,326.16 2 0
github.com/fabriziosalmi/rainlogs/internal/api/handlers/handlers.go:326.16,328.3 1 0
github.com/fabriziosalmi/rainlogs/internal/api/handlers/handlers.go:330.2,331.37 2 0
github.com/fabriziosalmi/rainlogs/internal/api/handlers/handlers.go:331.37,333.3 1 0
github.com/fabriziosalmi/rainlogs/internal/api/handlers/handlers.go:335.2,337.16 3 0
github.com/fabriziosalmi/rainlogs/internal/api/handlers/handlers.go:337.16,339.3 1 0
github.com/fabriziosalmi/rainlogs/internal/api/handlers/handlers.go:340.2,340.35 1 0
github.com/fabriziosalmi/rainlogs/internal/api/handlers/handlers.go:340.35,342.3 1 0
github.com/fabriziosalmi/rainlogs/internal/api/handlers/handlers.go:345.2,350.21 5 0
github.com/fabriziosalmi/rainlogs/internal/api/handlers/handlers.go:350.21,352.3 1 0
github.com/fabriziosalmi/rainlogs/internal/api/handlers/handlers.go:353.2,353.21 1 0
github.com/fabriziosalmi/rainlogs/internal/api/handlers/handlers.go:353.21,355.12 2 0
github.com/fabriziosalmi/rainlogs/internal/api/handlers/handlers.go:356.71,357.12 1 0
github.com/fabriziosalmi/rainlogs/internal/api/handlers/handlers.go:358.11,359.80 1 0
github.com/fabriziosalmi/rainlogs/internal/api/handlers/handlers.go:362.2,362.33 1 0
github.com/fabriziosalmi/rainlogs/internal/api/handlers/handlers.go:362.33,364.81 2 0
github.com/fabriziosalmi/rainlogs/internal/api/handlers/handlers.go:364.81,366.4 1 0
github.com/fabriziosalmi/rainlogs/internal/api/handlers/handlers.go:367.3,367.39 1 0
github.com/fabriziosalmi/rainlogs/internal/api/handlers/handlers.go:369.2,369.23 1 0
github.com/fabriziosalmi/rainlogs/internal/api/handlers/handlers.go:369.23,371.3 1 0
github.com/fabriziosalmi/rainlogs/internal/api/handlers/handlers.go:373.2,373.101 1 0
github.com/fabriziosalmi/rainlogs/internal/api/handlers/handlers.go:373.101,376.3 2 0
github.com/fabriziosalmi/rainlogs/internal/api/handlers/handlers.go:379.2,380.16 2 0
github.com/fabriziosalmi/rainlogs/internal/api/handlers/handlers.go:380.16,382.3 1 0
github.com/fabriziosalmi/rainlogs/internal/api/handlers/handlers.go:383.2,383.89 1 0
github.com/fabriziosalmi/rainlogs/internal/api/handlers/handlers.go:387.54,389.16 2 0
github.com/fabriziosalmi/rainlogs/internal/api/handlers/handlers.go:389.16,391.3 1 0
github.com/fabriziosalmi/rainlogs/internal/api/handlers/handlers.go:393.2,394.16 2 0
github.com/fabriziosalmi/rainlogs/internal/api/handlers/handlers.go:394.16,396.3 1 0
github.com/fabriziosalmi/rainlogs/internal/api/handlers/handlers.go:398.2,399.16 2 0
github.com/fabriziosalmi/rainlogs/internal/api/handlers/handlers.go:399.16,401.3 1 0
github.com/fabriziosalmi/rainlogs/internal/api/handlers/handlers.go:402.2,402.35 1 0
github.com/fabriziosalmi/rainlogs/internal/api/handlers/handlers.go:402.35,404.3 1 0
github.com/fabriziosalmi/rainlogs/internal/api/handlers/handlers.go:406.2,408.30 3 0
github.com/fabriziosalmi/rainlogs/internal/api/handlers/handlers.go:408.30,410.3 1 0
github.com/fabriziosalmi/rainlogs/internal/api/handlers/handlers.go:412.2,418.16 2 0
github.com/fabriziosalmi/rainlogs/internal/api/handlers/handlers.go:418.16,420.3 1 0
github.com/fabriziosalmi/rainlogs/internal/api/handlers/handlers.go:422.2,423.16 2 0
github.com/fabriziosalmi/rainlogs/internal/api/handlers/handlers.go:423.16,426.3 2 0
github.com/fabriziosalmi/rainlogs/internal/api/handlers/handlers.go:428.2,431.4 1 0
github.com/fabriziosalmi/rainlogs/internal/api/handlers/handlers.go:435.54,437.16 2 0
github.com/fabriziosalmi/rainlogs/internal/api/handlers/handlers.go:437.16,439.3 1 0
github.com/fabriziosalmi/rainlogs/internal/api/handlers/handlers.go:441.2,442.16 2 0
github.com/fabriziosalmi/rainlogs/internal/api/handlers/handlers.go:442.16,444.3 1 0
github.com/fabriziosalmi/rainlogs/internal/api/handlers/handlers.go:447.2,448.16 2 0
github.com/fabriziosalmi/rainlogs/internal/api/handlers/handlers.go:448.16,450.3 1 0
github.com/fabriziosalmi/rainlogs/internal/api/handlers/handlers.go:451.2,451.35 1 0
github.com/fabriziosalmi/rainlogs/internal/api/handlers/handlers.go:451.35,453.3 1 0
github.com/fabriziosalmi/rainlogs/internal/api/handlers/handlers.go:455.2,457.41 3 0
github.com/fabriziosalmi/rainlogs/internal/api/handlers/handlers.go:457.41,458.65 1 0
github.com/fabriziosalmi/rainlogs/internal/api/handlers/handlers.go:458.65,460.4 1 0
github.com/fabriziosalmi/rainlogs/internal/api/handlers/handlers.go:462.2,462.42 1 0
github.com/fabriziosalmi/rainlogs/internal/api/handlers/handlers.go:462.42,463.54 1 0
github.com/fabriziosalmi/rainlogs/internal/api/handlers/handlers.go:463.54,465.4 1 0
github.com/fabriziosalmi/rainlogs/internal/api/handlers/handlers.go:468.2,469.16 2 0
github.com/fabriziosalmi/rainlogs/internal/api/handlers/handlers.go:469.16,471.3 1 0
github.com/fabriziosalmi/rainlogs/internal/api/handlers/handlers.go:473.2,473.36 1 0
github.com/fabriziosalmi/rainlogs/internal/api/handlers/handlers.go:483.55,485.16 2 0
github.com/fabriziosalmi/rainlogs/internal/api/handlers/handlers.go:485.16,487.3 1 0
github.com/fabriziosalmi/rainlogs/internal/api/handlers/handlers.go:489.2,490.37 2 0
github.com/fabriziosalmi/rainlogs/internal/api/handlers/handlers.go:490.37,492.3 1 0
github.com/fabriziosalmi/rainlogs/internal/api/handlers/handlers.go:493.2,493.21 1 0
github.com/fabriziosalmi/rainlogs/internal/api/handlers/handlers.go:493.21,495.3 1 0
github.com/fabriziosalmi/rainlogs/internal/api/handlers/handlers.go:497.2,498.16 2 0
github.com/fabriziosalmi/rainlogs/internal/api/handlers/handlers.go:498.16,500.3 1 0
github.com/fabriziosalmi/rainlogs/internal/api/handlers/handlers.go:502.2,509.27 2 0
github.com/fabriziosalmi/rainlogs/internal/api/handlers/handlers.go:509.27,512.3 2 0
github.com/fabriziosalmi/rainlogs/internal/api/handlers/handlers.go:514.2,514.72 1 0
github.com/fabriziosalmi/rainlogs/internal/api/handlers/handlers.go:514.72,516.3 1 0
github.com/fabriziosalmi/rainlogs/internal/api/handlers/handlers.go:518.2,525.4 1 0
github.com/fabriziosalmi/rainlogs/internal/api/handlers/handlers.go:528.54,530.16 2 0
github.com/fabriziosalmi/rainlogs/internal/api/handlers/handlers.go:530.16,532.3 1 0
github.com/fabriziosalmi/rainlogs/internal/api/handlers/handlers.go:534.2,535.16 2 0
github.com/fabriziosalmi/rainlogs/internal/api/handlers/handlers.go:535.16,537.3 1 0
github.com/fabriziosalmi/rainlogs/internal/api/handlers/handlers.go:539.2,539.36 1 0
github.com/fabriziosalmi/rainlogs/internal/api/handlers/handlers.go:542.55,544.16 2 0
github.com/fabriziosalmi/rainlogs/internal/api/handlers/handlers.go:544.16,546.3 1 0
github.com/fabriziosalmi/rainlogs/internal/api/handlers/handlers.go:548.2,549.16 2 0
github.com/fabriziosalmi/rainlogs/internal/api/handlers/handlers.go:549.16,551.3 1 0
github.com/fabriziosalmi/rainlogs/internal/api/handlers/handlers.go:554.2,554.101 1 0
github.com/fabriziosalmi/rainlogs/internal/api/handlers/handlers.go:554.101,556.3 1 0
github.com/fabriziosalmi/rainlogs/internal/api/handlers/handlers.go:558.2,558.74 1 0
github.com/fabriziosalmi/rainlogs/internal/api/handlers/handlers.go:558.74,560.3 1 0
github.com/fabriziosalmi/rainlogs/internal/api/handlers/handlers.go:562.2,562.42 1 0
github.com/fabriziosalmi/rainlogs/internal/api/handlers/handlers.go:567.54,569.16 2 0
github.com/fabriziosalmi/rainlogs/internal/api/handlers/handlers.go:569.16,571.3 1 0
github.com/fabriziosalmi/rainlogs/internal/api/handlers/handlers.go:573.2,575.41 3 0
github.com/fabriziosalmi/rainlogs/internal/api/handlers/handlers.go:575.41,576.65 1 0
github.com/fabriziosalmi/rainlogs/internal/api/handlers/handlers.go:576.65,578.4 1 0
github.com/fabriziosalmi/rainlogs/internal/api/handlers/handlers.go:580.2,580.42 1 0
github.com/fabriziosalmi/rainlogs/internal/api/handlers/handlers.go:580.42,581.54 1 0
github.com/fabriziosalmi/rainlogs/internal/api/handlers/handlers.go:581.54,583.4 1 0
github.com/fabriziosalmi/rainlogs/internal/api/handlers/handlers.go:586.2,587.16 2 0
github.com/fabriziosalmi/rainlogs/internal/api/handlers/handlers.go:587.16,589.3 1 0
github.com/fabriziosalmi/rainlogs/internal/api/handlers/handlers.go:591.2,591.36 1 0
github.com/fabriziosalmi/rainlogs/internal/api/handlers/handlers.go:594.52,596.16 2 0
github.com/fabriziosalmi/rainlogs/internal/api/handlers/handlers.go:596.16,598.3 1 0
github.com/fabriziosalmi/rainlogs/internal/api/handlers/handlers.go:600.2,601.16 2 0
github.com/fabriziosalmi/rainlogs/internal/api/handlers/handlers.go:601.16,603.3 1 0
github.com/fabriziosalmi/rainlogs/internal/api/handlers/handlers.go:605.2,606.16 2 0
github.com/fabriziosalmi/rainlogs/internal/api/handlers/handlers.go:606.16,608.3 1 0
github.com/fabriziosalmi/rainlogs/internal/api/handlers/handlers.go:609.2,609.34 1 0
github.com/fabriziosalmi/rainlogs/internal/api/handlers/handlers.go:609.34,611.3 1 0
github.com/fabriziosalmi/rainlogs/internal/api/handlers/handlers.go:613.2,613.35 1 0
github.com/fabriziosalmi/rainlogs/internal/api/handlers/handlers.go:617.55,619.16 2 0
github.com/fabriziosalmi/rainlogs/internal/api/handlers/handlers.go:619.16,621.3 1 0
github.com/fabriziosalmi/rainlogs/internal/api/handlers/handlers.go:623.2,624.16 2 0
github.com/fabriziosalmi/rainlogs/internal/api/handlers/handlers.go:624.16,626.3 1 0
github.com/fabriziosalmi/rainlogs/internal/api/handlers/handlers.go:628.2,629.16 2 0
github.com/fabriziosalmi/rainlogs/internal/api/handlers/handlers.go:629.16,631.3 1 0
github.com/fabriziosalmi/rainlogs/internal/api/handlers/handlers.go:632.2,632.34 1 0
github.com/fabriziosalmi/rainlogs/internal/api/handlers/handlers.go:632.34,634.3 1 0
github.com/fabriziosalmi/rainlogs/internal/api/handlers/handlers.go:635.2,635.21 1 0
github.com/fabriziosalmi/rainlogs/internal/api/handlers/handlers.go:635.21,637.3 1 0
github.com/fabriziosalmi/rainlogs/internal/api/handlers/handlers.go:639.2,640.16 2 0
github.com/fabriziosalmi/rainlogs/internal/api/handlers/handlers.go:640.16,643.3 2 0
github.com/fabriziosalmi/rainlogs/internal/api/handlers/handlers.go:645.2,653.60 5 0
github.com/fabriziosalmi/rainlogs/internal/api/handlers/handlers.go:660.61,662.16 2 0
github.com/fabriziosalmi/rainlogs/internal/api/handlers/handlers.go:662.16,664.3 1 0
github.com/fabriziosalmi/rainlogs/internal/api/handlers/handlers.go:666.2,669.16 3 0
github.com/fabriziosalmi/rainlogs/internal/api/handlers/handlers.go:669.16,671.3 1 0
github.com/fabriziosalmi/rainlogs/internal/api/handlers/handlers.go:673.2,674.16 2 0
github.com/fabriziosalmi/rainlogs/internal/api/handlers/handlers.go:674.16,676.3 1 0
github.com/fabriziosalmi/rainlogs/internal/api/handlers/handlers.go:678.2,679.16 2 0
github.com/fabriziosalmi/rainlogs/internal/api/handlers/handlers.go:679.16,681.3 1 0
github.com/fabriziosalmi/rainlogs/internal/api/handlers/handlers.go:683.2,684.16 2 0
github.com/fabriziosalmi/rainlogs/internal/api/handlers/handlers.go:684.16,686.3 1 0
github.com/fabriziosalmi/rainlogs/internal/api/handlers/handlers.go:688.2,704.4 2 0
github.com/fabriziosalmi/rainlogs/internal/api/handlers/handlers.go:709.55,711.16 2 0
github.com/fabriziosalmi/rainlogs/internal/api/handlers/handlers.go:711.16,713.3 1 0
github.com/fabriziosalmi/rainlogs/internal/api/handlers/handlers.go:715.2,717.41 3 0
github.com/fabriziosalmi/rainlogs/internal/api/handlers/handlers.go:717.41,718.66 1 0
github.com/fabriziosalmi/rainlogs/internal/api/handlers/handlers.go:718.66,720.4 1 0
github.com/fabriziosalmi/rainlogs/internal/api/handlers/handlers.go:722.2,722.42 1 0
github.com/fabriziosalmi/rainlogs/internal/api/handlers/handlers.go:722.42,723.54 1 0
github.com/fabriziosalmi/rainlogs/internal/api/handlers/handlers.go:723.54,725.4 1 0
github.com/fabriziosalmi/rainlogs/internal/api/handlers/handlers.go:728.2,729.16 2 0
github.com/fabriziosalmi/rainlogs/internal/api/handlers/handlers.go:729.16,731.3 1 0
github.com/fabriziosalmi/rainlogs/internal/api/handlers/handlers.go:733.2,733.38 1 0
github.com/fabriziosalmi/rainlogs/internal/api/middleware/middleware.go:20.54,21.54 1 0
github.com/fabriziosalmi/rainlogs/internal/api/middleware/middleware.go:21.54,22.37 1 0
github.com/fabriziosalmi/rainlogs/internal/api/middleware/middleware.go:22.37,24.24 2 0
github.com/fabriziosalmi/rainlogs/internal/api/middleware/middleware.go:24.24,26.5 1 0
github.com/fabriziosalmi/rainlogs/internal/api/middleware/middleware.go:28.4,29.65 2 0
github.com/fabriziosalmi/rainlogs/internal/api/middleware/middleware.go:29.65,31.5 1 0
github.com/fabriziosalmi/rainlogs/internal/api/middleware/middleware.go:33.4,35.25 2 0
github.com/fabriziosalmi/rainlogs/internal/api/middleware/middleware.go:35.25,37.5 1 0
github.com/fabriziosalmi/rainlogs/internal/api/middleware/middleware.go:38.4,39.18 2 0
github.com/fabriziosalmi/rainlogs/internal/api/middleware/middleware.go:39.18,41.5 1 0
github.com/fabriziosalmi/rainlogs/internal/api/middleware/middleware.go:43.4,44.18 2 0
github.com/fabriziosalmi/rainlogs/internal/api/middleware/middleware.go:44.18,46.5 1 0
github.com/fabriziosalmi/rainlogs/internal/api/middleware/middleware.go:48.4,50.27 2 0
github.com/fabriziosalmi/rainlogs/internal/api/middleware/middleware.go:50.27,51.47 1 0
github.com/fabriziosalmi/rainlogs/internal/api/middleware/middleware.go:51.47,53.11 2 0
github.com/fabriziosalmi/rainlogs/internal/api/middleware/middleware.go:57.4,57.23 1 0
github.com/fabriziosalmi/rainlogs/internal/api/middleware/middleware.go:57.23,59.5 1 0
github.com/fabriziosalmi/rainlogs/internal/api/middleware/middleware.go:62.4,62.74 1 0
github.com/fabriziosalmi/rainlogs/internal/api/middleware/middleware.go:62.74,64.5 1 0
github.com/fabriziosalmi/rainlogs/internal/api/middleware/middleware.go:67.4,67.26 1 0
github.com/fabriziosalmi/rainlogs/internal/api/middleware/middleware.go:67.26,69.5 1 0
github.com/fabriziosalmi/rainlogs/internal/api/middleware/middleware.go:71.4,72.18 2 0
github.com/fabriziosalmi/rainlogs/internal/api/middleware/middleware.go:77.49,78.54 1 0
github.com/fabriziosalmi/rainlogs/internal/api/middleware/middleware.go:78.54,79.37 1 0
github.com/fabriziosalmi/rainlogs/internal/api/middleware/middleware.go:79.37,81.24 2 0
github.com/fabriziosalmi/rainlogs/internal/api/middleware/middleware.go:81.24,83.5 1 0
github.com/fabriziosalmi/rainlogs/internal/api/middleware/middleware.go:85.4,86.65 2 0
github.com/fabriziosalmi/rainlogs/internal/api/middleware/middleware.go:86.65,88.5 1 0
github.com/fabriziosalmi/rainlogs/internal/api/middleware/middleware.go:90.4,92.18 3 0
github.com/fabriziosalmi/rainlogs/internal/api/middleware/middleware.go:92.18,94.5 1 0
github.com/fabriziosalmi/rainlogs/internal/api/middleware/middleware.go:96.4,97.18 2 0
github.com/fabriziosalmi/rainlogs/internal/api/middleware/middleware.go:97.18,99.5 1 0
github.com/fabriziosalmi/rainlogs/internal/api/middleware/middleware.go:101.4,102.18 2 0
github.com/fabriziosalmi/rainlogs/internal/api/middleware/middleware.go:110.71,111.54 1 0
github.com/fabriziosalmi/rainlogs/internal/api/middleware/middleware.go:111.54,112.37 1 0
github.com/fabriziosalmi/rainlogs/internal/api/middleware/middleware.go:112.37,114.94 2 0
github.com/fabriziosalmi/rainlogs/internal/api/middleware/middleware.go:114.94,116.5 1 0
github.com/fabriziosalmi/rainlogs/internal/api/middleware/middleware.go:118.4,121.18 3 0
github.com/fabriziosalmi/rainlogs/internal/api/middleware/middleware.go:121.18,122.44 1 0
github.com/fabriziosalmi/rainlogs/internal/api/middleware/middleware.go:122.44,124.6 1 0
github.com/fabriziosalmi/rainlogs/internal/api/middleware/middleware.go:124.11,126.6 1 0
github.com/fabriziosalmi/rainlogs/internal/api/middleware/middleware.go:129.4,135.26 6 0
github.com/fabriziosalmi/rainlogs/internal/api/middleware/middleware.go:135.26,138.5 2 0
github.com/fabriziosalmi/rainlogs/internal/api/middleware/middleware.go:140.4,150.14 2 0
github.com/fabriziosalmi/rainlogs/internal/api/middleware/middleware.go:150.14,152.5 1 0
github.com/fabriziosalmi/rainlogs/internal/api/middleware/middleware.go:154.4,154.14 1 0
github.com/fabriziosalmi/rainlogs/internal/api/middleware/middleware.go:160.46,162.56 2 0
github.com/fabriziosalmi/rainlogs/internal/api/middleware/middleware.go:162.56,163.32 1 0
github.com/fabriziosalmi/rainlogs/internal/api/middleware/middleware.go:163.32,165.9 2 0
github.com/fabriziosalmi/rainlogs/internal/api/middleware/middleware.go:168.2,168.26 1 0
github.com/fabriziosalmi/rainlogs/internal/api/middleware/middleware.go:169.21,170.23 1 0
github.com/fabriziosalmi/rainlogs/internal/api/middleware/middleware.go:171.32,172.23 1 0
github.com/fabriziosalmi/rainlogs/internal/api/middleware/middleware.go:173.31,174.23 1 0
github.com/fabriziosalmi/rainlogs/internal/api/middleware/middleware.go:175.35,176.21 1 0
github.com/fabriziosalmi/rainlogs/internal/api/middleware/middleware.go:177.31,178.26 1 0
github.com/fabriziosalmi/rainlogs/internal/api/middleware/middleware.go:179.24,180.25 1 0
github.com/fabriziosalmi/rainlogs/internal/api/middleware/middleware.go:181.34,182.25 1 0
github.com/fabriziosalmi/rainlogs/internal/api/middleware/middleware.go:183.10,184.26 1 0
github.com/fabriziosalmi/rainlogs/internal/api/middleware/middleware.go:189.45,190.70 1 0
github.com/fabriziosalmi/rainlogs/internal/api/middleware/middleware.go:190.70,191.35 1 0
github.com/fabriziosalmi/rainlogs/internal/api/middleware/middleware.go:191.35,193.4 1 0
github.com/fabriziosalmi/rainlogs/internal/api/middleware/middleware.go:195.2,195.11 1 0
github.com/fabriziosalmi/rainlogs/internal/api/middleware/ratelimit.go:33.51,41.2 3 0
github.com/fabriziosalmi/rainlogs/internal/api/middleware/ratelimit.go:43.35,46.21 3 0
github.com/fabriziosalmi/rainlogs/internal/api/middleware/ratelimit.go:46.21,48.3 1 0
github.com/fabriziosalmi/rainlogs/internal/api/middleware/ratelimit.go:51.29,55.31 4 0
github.com/fabriziosalmi/rainlogs/internal/api/middleware/ratelimit.go:55.31,56.32 1 0
github.com/fabriziosalmi/rainlogs/internal/api/middleware/ratelimit.go:56.32,58.4 1 0
github.com/fabriziosalmi/rainlogs/internal/api/middleware/ratelimit.go:62.50,66.9 4 0
github.com/fabriziosalmi/rainlogs/internal/api/middleware/ratelimit.go:66.9,69.3 2 0
github.com/fabriziosalmi/rainlogs/internal/api/middleware/ratelimit.go:69.8,71.3 1 0
github.com/fabriziosalmi/rainlogs/internal/api/middleware/ratelimit.go:72.2,72.14 1 0
github.com/fabriziosalmi/rainlogs/internal/api/middleware/ratelimit.go:78.60,81.54 3 0
github.com/fabriziosalmi/rainlogs/internal/api/middleware/ratelimit.go:81.54,82.37 1 0
github.com/fabriziosalmi/rainlogs/internal/api/middleware/ratelimit.go:82.37,84.32 2 0
github.com/fabriziosalmi/rainlogs/internal/api/middleware/ratelimit.go:84.32,90.5 5 0
github.com/fabriziosalmi/rainlogs/internal/api/middleware/ratelimit.go:91.4,92.18 2 0
github.com/fabriziosalmi/rainlogs/internal/api/middleware/ratelimit.go:100.68,103.54 3 0
github.com/fabriziosalmi/rainlogs/internal/api/middleware/ratelimit.go:103.54,104.37 1 0
github.com/fabriziosalmi/rainlogs/internal/api/middleware/ratelimit.go:104.37,107.81 2 0
github.com/fabriziosalmi/rainlogs/internal/api/middleware/ratelimit.go:107.81,109.5 1 0
github.com/fabriziosalmi/rainlogs/internal/api/middleware/ratelimit.go:110.4,110.33 1 0
github.com/fabriziosalmi/rainlogs/internal/api/middleware/ratelimit.go:110.33,116.5 5 0
github.com/fabriziosalmi/rainlogs/internal/api/middleware/ratelimit.go:117.4,118.18 2 0
github.com/fabriziosalmi/rainlogs/internal/api/middleware/requestid.go:11.38,12.54 1 0
github.com/fabriziosalmi/rainlogs/internal/api/middleware/requestid.go:12.54,13.37 1 0
github.com/fabriziosalmi/rainlogs/internal/api/middleware/requestid.go:13.37,15.16 2 0
github.com/fabriziosalmi/rainlogs/internal/api/middleware/requestid.go:15.16,17.5 1 0
github.com/fabriziosalmi/rainlogs/internal/api/middleware/requestid.go:18.4,20.18 3 0
github.com/fabriziosalmi/rainlogs/internal/api/middleware/security.go:8.44,9.54 1 0
github.com/fabriziosalmi/rainlogs/internal/api/middleware/security.go:9.54,10.37 1 0
github.com/fabriziosalmi/rainlogs/internal/api/middleware/security.go:10.37,19.4 8 0
github.com/fabriziosalmi/rainlogs/internal/api/routes/routes.go:13.132,72.2 42 0
github.com/fabriziosalmi/rainlogs/internal/cloudflare/client.go:40.76,42.16 2 0
github.com/fabriziosalmi/rainlogs/internal/cloudflare/client.go:42.16,44.3 1 0
github.com/fabriziosalmi/rainlogs/internal/cloudflare/client.go:45.2,50.3 1 0
github.com/fabriziosalmi/rainlogs/internal/cloudflare/client.go:55.101,56.30 1 0
github.com/fabriziosalmi/rainlogs/internal/cloudflare/client.go:56.30,58.3 1 0
github.com/fabriziosalmi/rainlogs/internal/cloudflare/client.go:59.2,59.34 1 0
github.com/fabriziosalmi/rainlogs/internal/cloudflare/client.go:59.34,61.3 1 0
github.com/fabriziosalmi/rainlogs/internal/cloudflare/client.go:63.2,64.16 2 0
github.com/fabriziosalmi/rainlogs/internal/cloudflare/client.go:64.16,66.3 1 0
github.com/fabriziosalmi/rainlogs/internal/cloudflare/client.go:67.2,71.21 5 0
github.com/fabriziosalmi/rainlogs/internal/cloudflare/client.go:71.21,73.3 1 0
github.com/fabriziosalmi/rainlogs/internal/cloudflare/client.go:74.2,77.16 3 0
github.com/fabriziosalmi/rainlogs/internal/cloudflare/client.go:77.16,79.3 1 0
github.com/fabriziosalmi/rainlogs/internal/cloudflare/client.go:80.2,84.16 4 0
github.com/fabriziosalmi/rainlogs/internal/cloudflare/client.go:84.16,86.3 1 0
github.com/fabriziosalmi/rainlogs/internal/cloudflare/client.go:87.2,89.51 2 0
github.com/fabriziosalmi/rainlogs/internal/cloudflare/client.go:89.51,92.3 2 0
github.com/fabriziosalmi/rainlogs/internal/cloudflare/client.go:93.2,93.38 1 0
github.com/fabriziosalmi/rainlogs/internal/cloudflare/client.go:93.38,96.3 2 0
github.com/fabriziosalmi/rainlogs/internal/cloudflare/client.go:98.2,99.51 2 0
github.com/fabriziosalmi/rainlogs/internal/cloudflare/client.go:99.51,101.17 2 0
github.com/fabriziosalmi/rainlogs/internal/cloudflare/client.go:101.17,103.4 1 0
github.com/fabriziosalmi/rainlogs/internal/cloudflare/client.go:104.3,105.14 2 0
github.com/fabriziosalmi/rainlogs/internal/cloudflare/client.go:108.2,109.16 2 0
github.com/fabriziosalmi/rainlogs/internal/cloudflare/client.go:109.16,111.3 1 0
github.com/fabriziosalmi/rainlogs/internal/cloudflare/client.go:112.2,112.18 1 0
github.com/fabriziosalmi/rainlogs/internal/cloudflare/graphql.go:19.55,25.2 1 0
github.com/fabriziosalmi/rainlogs/internal/cloudflare/graphql.go:52.126,85.16 4 0
github.com/fabriziosalmi/rainlogs/internal/cloudflare/graphql.go:85.16,87.3 1 0
github.com/fabriziosalmi/rainlogs/internal/cloudflare/graphql.go:89.2,90.16 2 0
github.com/fabriziosalmi/rainlogs/internal/cloudflare/graphql.go:90.16,92.3 1 0
github.com/fabriziosalmi/rainlogs/internal/cloudflare/graphql.go:94.2,98.16 4 0
github.com/fabriziosalmi/rainlogs/internal/cloudflare/graphql.go:98.16,100.3 1 0
github.com/fabriziosalmi/rainlogs/internal/cloudflare/graphql.go:101.2,103.38 2 0
github.com/fabriziosalmi/rainlogs/internal/cloudflare/graphql.go:103.38,106.3 2 0
github.com/fabriziosalmi/rainlogs/internal/cloudflare/graphql.go:108.2,109.67 2 0
github.com/fabriziosalmi/rainlogs/internal/cloudflare/graphql.go:109.67,111.3 1 0
github.com/fabriziosalmi/rainlogs/internal/cloudflare/graphql.go:113.2,113.28 1 0
github.com/fabriziosalmi/rainlogs/internal/cloudflare/graphql.go:113.28,115.3 1 0
github.com/fabriziosalmi/rainlogs/internal/cloudflare/graphql.go:117.2,117.40 1 0
github.com/fabriziosalmi/rainlogs/internal/cloudflare/graphql.go:117.40,120.3 1 0
github.com/fabriziosalmi/rainlogs/internal/cloudflare/graphql.go:122.2,122.64 1 0
github.com/fabriziosalmi/rainlogs/internal/cloudflare/instant_logs.go:20.71,26.2 1 0
github.com/fabriziosalmi/rainlogs/internal/cloudflare/instant_logs.go:29.79,35.16 4 0
github.com/fabriziosalmi/rainlogs/internal/cloudflare/instant_logs.go:35.16,37.3 1 0
github.com/fabriziosalmi/rainlogs/internal/cloudflare/instant_logs.go:38.2,42.16 4 0
github.com/fabriziosalmi/rainlogs/internal/cloudflare/instant_logs.go:42.16,44.3 1 0
github.com/fabriziosalmi/rainlogs/internal/cloudflare/instant_logs.go:45.2,47.79 2 0
github.com/fabriziosalmi/rainlogs/internal/cloudflare/instant_logs.go:47.79,50.3 2 0
github.com/fabriziosalmi/rainlogs/internal/cloudflare/instant_logs.go:52.2,57.67 2 0
github.com/fabriziosalmi/rainlogs/internal/cloudflare/instant_logs.go:57.67,59.3 1 0
github.com/fabriziosalmi/rainlogs/internal/cloudflare/instant_logs.go:61.2,61.43 1 0
github.com/fabriziosalmi/rainlogs/internal/cloudflare/instant_logs.go:65.94,68.16 3 0
github.com/fabriziosalmi/rainlogs/internal/cloudflare/instant_logs.go:68.16,70.3 1 0
github.com/fabriziosalmi/rainlogs/internal/cloudflare/instant_logs.go:72.2,74.12 2 0
github.com/fabriziosalmi/rainlogs/internal/cloudflare/instant_logs.go:74.12,78.7 3 0
github.com/fabriziosalmi/rainlogs/internal/cloudflare/instant_logs.go:78.7,79.11 1 0
github.com/fabriziosalmi/rainlogs/internal/cloudflare/instant_logs.go:80.22,81.11 1 0
github.com/fabriziosalmi/rainlogs/internal/cloudflare/instant_logs.go:82.12,84.19 2 0
github.com/fabriziosalmi/rainlogs/internal/cloudflare/instant_logs.go:84.19,87.6 1 0
github.com/fabriziosalmi/rainlogs/internal/cloudflare/instant_logs.go:90.5,90.14 1 0
github.com/fabriziosalmi/rainlogs/internal/cloudflare/instant_logs.go:95.2,95.16 1 0
github.com/fabriziosalmi/rainlogs/internal/config/config.go:94.30,142.41 35 0
github.com/fabriziosalmi/rainlogs/internal/config/config.go:142.41,143.56 1 0
github.com/fabriziosalmi/rainlogs/internal/config/config.go:143.56,145.4 1 0
github.com/fabriziosalmi/rainlogs/internal/config/config.go:149.2,154.42 5 0
github.com/fabriziosalmi/rainlogs/internal/config/config.go:154.42,156.3 1 0
github.com/fabriziosalmi/rainlogs/internal/config/config.go:158.2,158.18 1 0
github.com/fabriziosalmi/rainlogs/internal/db/db.go:23.75,25.16 2 0
github.com/fabriziosalmi/rainlogs/internal/db/db.go:25.16,27.3 1 0
github.com/fabriziosalmi/rainlogs/internal/db/db.go:28.2,34.16 6 0
github.com/fabriziosalmi/rainlogs/internal/db/db.go:34.16,36.3 1 0
github.com/fabriziosalmi/rainlogs/internal/db/db.go:37.2,37.39 1 0
github.com/fabriziosalmi/rainlogs/internal/db/db.go:37.39,39.3 1 0
github.com/fabriziosalmi/rainlogs/internal/db/db.go:41.2,49.8 1 0
github.com/fabriziosalmi/rainlogs/internal/db/db.go:52.23,54.2 1 0
github.com/fabriziosalmi/rainlogs/internal/db/repositories.go:17.66,19.2 1 0
github.com/fabriziosalmi/rainlogs/internal/db/repositories.go:21.84,29.2 2 0
github.com/fabriziosalmi/rainlogs/internal/db/repositories.go:31.99,39.16 4 0
github.com/fabriziosalmi/rainlogs/internal/db/repositories.go:39.16,41.3 1 0
github.com/fabriziosalmi/rainlogs/internal/db/repositories.go:42.2,42.15 1 0
github.com/fabriziosalmi/rainlogs/internal/db/repositories.go:45.84,49.16 3 0
github.com/fabriziosalmi/rainlogs/internal/db/repositories.go:49.16,51.3 1 0
github.com/fabriziosalmi/rainlogs/internal/db/repositories.go:52.2,54.18 3 0
github.com/fabriziosalmi/rainlogs/internal/db/repositories.go:54.18,57.62 2 0
github.com/fabriziosalmi/rainlogs/internal/db/repositories.go:57.62,59.4 1 0
github.com/fabriziosalmi/rainlogs/internal/db/repositories.go:60.3,60.23 1 0
github.com/fabriziosalmi/rainlogs/internal/db/repositories.go:62.2,62.24 1 0
github.com/fabriziosalmi/rainlogs/internal/db/repositories.go:66.82,72.2 2 0
github.com/fabriziosalmi/rainlogs/internal/db/repositories.go:78.62,80.2 1 0
github.com/fabriziosalmi/rainlogs/internal/db/repositories.go:82.80,88.2 2 0
github.com/fabriziosalmi/rainlogs/internal/db/repositories.go:90.102,94.16 3 0
github.com/fabriziosalmi/rainlogs/internal/db/repositories.go:94.16,96.3 1 0
github.com/fabriziosalmi/rainlogs/internal/db/repositories.go:97.2,99.18 3 0
github.com/fabriziosalmi/rainlogs/internal/db/repositories.go:99.18,102.73 2 0
github.com/fabriziosalmi/rainlogs/internal/db/repositories.go:102.73,104.4 1 0
github.com/fabriziosalmi/rainlogs/internal/db/repositories.go:105.3,105.23 1 0
github.com/fabriziosalmi/rainlogs/internal/db/repositories.go:107.2,107.24 1 0
github.com/fabriziosalmi/rainlogs/internal/db/repositories.go:110.84,113.2 2 0
github.com/fabriziosalmi/rainlogs/internal/db/repositories.go:115.76,118.2 2 0
github.com/fabriziosalmi/rainlogs/internal/db/repositories.go:121.94,127.2 2 0
github.com/fabriziosalmi/rainlogs/internal/db/repositories.go:129.121,137.16 4 0
github.com/fabriziosalmi/rainlogs/internal/db/repositories.go:137.16,139.3 1 0
github.com/fabriziosalmi/rainlogs/internal/db/repositories.go:140.2,140.15 1 0
github.com/fabriziosalmi/rainlogs/internal/db/repositories.go:143.112,147.16 3 0
github.com/fabriziosalmi/rainlogs/internal/db/repositories.go:147.16,149.3 1 0
github.com/fabriziosalmi/rainlogs/internal/db/repositories.go:150.2,152.18 3 0
github.com/fabriziosalmi/rainlogs/internal/db/repositories.go:152.18,155.73 2 0
github.com/fabriziosalmi/rainlogs/internal/db/repositories.go:155.73,157.4 1 0
github.com/fabriziosalmi/rainlogs/internal/db/repositories.go:158.3,158.23 1 0
github.com/fabriziosalmi/rainlogs/internal/db/repositories.go:160.2,160.24 1 0
github.com/fabriziosalmi/rainlogs/internal/db/repositories.go:167.58,169.2 1 0
github.com/fabriziosalmi/rainlogs/internal/db/repositories.go:171.76,174.18 2 0
github.com/fabriziosalmi/rainlogs/internal/db/repositories.go:174.18,176.3 1 0
github.com/fabriziosalmi/rainlogs/internal/db/repositories.go:177.2,179.22 1 0
github.com/fabriziosalmi/rainlogs/internal/db/repositories.go:182.91,188.16 4 0
github.com/fabriziosalmi/rainlogs/internal/db/repositories.go:188.16,190.3 1 0
github.com/fabriziosalmi/rainlogs/internal/db/repositories.go:191.2,191.15 1 0
github.com/fabriziosalmi/rainlogs/internal/db/repositories.go:194.108,198.2 2 0
github.com/fabriziosalmi/rainlogs/internal/db/repositories.go:200.79,208.2 2 0
github.com/fabriziosalmi/rainlogs/internal/db/repositories.go:210.97,213.2 2 0
github.com/fabriziosalmi/rainlogs/internal/db/repositories.go:216.74,222.2 2 0
github.com/fabriziosalmi/rainlogs/internal/db/repositories.go:225.156,232.2 2 0
github.com/fabriziosalmi/rainlogs/internal/db/repositories.go:235.96,242.2 2 0
github.com/fabriziosalmi/rainlogs/internal/db/repositories.go:244.112,246.16 2 0
github.com/fabriziosalmi/rainlogs/internal/db/repositories.go:246.16,248.3 1 0
github.com/fabriziosalmi/rainlogs/internal/db/repositories.go:249.2,251.18 3 0
github.com/fabriziosalmi/rainlogs/internal/db/repositories.go:251.18,254.79 2 0
github.com/fabriziosalmi/rainlogs/internal/db/repositories.go:254.79,256.4 1 0
github.com/fabriziosalmi/rainlogs/internal/db/repositories.go:257.3,257.23 1 0
github.com/fabriziosalmi/rainlogs/internal/db/repositories.go:259.2,259.24 1 0
github.com/fabriziosalmi/rainlogs/internal/db/repositories.go:266.62,268.2 1 0
github.com/fabriziosalmi/rainlogs/internal/db/repositories.go:270.80,278.2 2 0
github.com/fabriziosalmi/rainlogs/internal/db/repositories.go:280.80,291.2 3 0
github.com/fabriziosalmi/rainlogs/internal/db/repositories.go:293.95,303.16 4 0
github.com/fabriziosalmi/rainlogs/internal/db/repositories.go:303.16,305.3 1 0
github.com/fabriziosalmi/rainlogs/internal/db/repositories.go:306.2,306.15 1 0
github.com/fabriziosalmi/rainlogs/internal/db/repositories.go:309.131,314.2 2 0
github.com/fabriziosalmi/rainlogs/internal/db/repositories.go:317.128,325.2 2 0
github.com/fabriziosalmi/rainlogs/internal/db/repositories.go:328.135,333.2 2 0
github.com/fabriziosalmi/rainlogs/internal/db/repositories.go:336.81,342.2 2 0
github.com/fabriziosalmi/rainlogs/internal/db/repositories.go:345.82,351.2 2 0
github.com/fabriziosalmi/rainlogs/internal/db/repositories.go:353.115,355.16 2 0
github.com/fabriziosalmi/rainlogs/internal/db/repositories.go:355.16,357.3 1 0
github.com/fabriziosalmi/rainlogs/internal/db/repositories.go:358.2,360.18 3 0
github.com/fabriziosalmi/rainlogs/internal/db/repositories.go:360.18,364.96 2 0
github.com/fabriziosalmi/rainlogs/internal/db/repositories.go:364.96,366.4 1 0
github.com/fabriziosalmi/rainlogs/internal/db/repositories.go:367.3,367.23 1 0
github.com/fabriziosalmi/rainlogs/internal/db/repositories.go:369.2,369.24 1 0
github.com/fabriziosalmi/rainlogs/internal/db/repositories.go:376.68,378.2 1 0
github.com/fabriziosalmi/rainlogs/internal/db/repositories.go:380.86,384.2 2 0
github.com/fabriziosalmi/rainlogs/internal/db/repositories.go:386.102,396.16 4 0
github.com/fabriziosalmi/rainlogs/internal/db/repositories.go:396.16,398.3 1 0
github.com/fabriziosalmi/rainlogs/internal/db/repositories.go:399.2,399.15 1 0
github.com/fabriziosalmi/rainlogs/internal/db/repositories.go:406.70,408.2 1 0
github.com/fabriziosalmi/rainlogs/internal/db/repositories.go:411.88,420.2 3 0
github.com/fabriziosalmi/rainlogs/internal/db/repositories.go:423.139,429.16 3 0
github.com/fabriziosalmi/rainlogs/internal/db/repositories.go:429.16,431.3 1 0
github.com/fabriziosalmi/rainlogs/internal/db/repositories.go:432.2,434.18 3 0
github.com/fabriziosalmi/rainlogs/internal/db/repositories.go:434.18,437.90 2 0
github.com/fabriziosalmi/rainlogs/internal/db/repositories.go:437.90,439.4 1 0
github.com/fabriziosalmi/rainlogs/internal/db/repositories.go:440.3,440.23 1 0
github.com/fabriziosalmi/rainlogs/internal/db/repositories.go:442.2,442.24 1 0
github.com/fabriziosalmi/rainlogs/internal/db/repositories.go:446.82,451.2 2 0
github.com/fabriziosalmi/rainlogs/internal/queue/queue.go:50.60,52.16 2 0
github.com/fabriziosalmi/rainlogs/internal/queue/queue.go:52.16,54.3 1 0
github.com/fabriziosalmi/rainlogs/internal/queue/queue.go:55.2,55.70 1 0
github.com/fabriziosalmi/rainlogs/internal/queue/queue.go:58.70,60.16 2 0
github.com/fabriziosalmi/rainlogs/internal/queue/queue.go:60.16,62.3 1 0
github.com/fabriziosalmi/rainlogs/internal/queue/queue.go:64.2,64.75 1 0
github.com/fabriziosalmi/rainlogs/internal/queue/queue.go:67.64,69.16 2 0
github.com/fabriziosalmi/rainlogs/internal/queue/queue.go:69.16,71.3 1 0
github.com/fabriziosalmi/rainlogs/internal/queue/queue.go:72.2,72.68 1 0
github.com/fabriziosalmi/rainlogs/internal/queue/queue.go:75.64,77.16 2 0
github.com/fabriziosalmi/rainlogs/internal/queue/queue.go:77.16,79.3 1 0
github.com/fabriziosalmi/rainlogs/internal/queue/queue.go:80.2,80.68 1 0
github.com/fabriziosalmi/rainlogs/internal/queue/queue.go:83.65,87.2 3 0
github.com/fabriziosalmi/rainlogs/internal/queue/queue.go:89.75,93.2 3 0
github.com/fabriziosalmi/rainlogs/internal/queue/queue.go:95.69,99.2 3 0
github.com/fabriziosalmi/rainlogs/internal/queue/queue.go:101.69,105.2 3 0
github.com/fabriziosalmi/rainlogs/internal/worker/instant_logs.go:27.156,35.2 1 0
github.com/fabriziosalmi/rainlogs/internal/worker/instant_logs.go:40.57,46.6 4 0
github.com/fabriziosalmi/rainlogs/internal/worker/instant_logs.go:46.6,47.10 1 0
github.com/fabriziosalmi/rainlogs/internal/worker/instant_logs.go:48.21,49.10 1 0
github.com/fabriziosalmi/rainlogs/internal/worker/instant_logs.go:50.19,52.18 2 0
github.com/fabriziosalmi/rainlogs/internal/worker/instant_logs.go:52.18,54.13 2 0
github.com/fabriziosalmi/rainlogs/internal/worker/instant_logs.go:57.4,58.28 2 0
github.com/fabriziosalmi/rainlogs/internal/worker/instant_logs.go:58.28,59.38 1 0
github.com/fabriziosalmi/rainlogs/internal/worker/instant_logs.go:59.38,60.14 1 0
github.com/fabriziosalmi/rainlogs/internal/worker/instant_logs.go:62.5,62.58 1 0
github.com/fabriziosalmi/rainlogs/internal/worker/instant_logs.go:62.58,63.14 1 0
github.com/fabriziosalmi/rainlogs/internal/worker/instant_logs.go:67.5,70.31 4 0
github.com/fabriziosalmi/rainlogs/internal/worker/instant_logs.go:70.31,72.19 2 0
github.com/fabriziosalmi/rainlogs/internal/worker/instant_logs.go:72.19,77.7 4 0
github.com/fabriziosalmi/rainlogs/internal/worker/instant_logs.go:78.6,78.33 1 0
github.com/fabriziosalmi/rainlogs/internal/worker/instant_logs.go:81.4,81.17 1 0
github.com/fabriziosalmi/rainlogs/internal/worker/instant_logs.go:86.80,91.16 3 0
github.com/fabriziosalmi/rainlogs/internal/worker/instant_logs.go:91.16,94.3 2 0
github.com/fabriziosalmi/rainlogs/internal/worker/instant_logs.go:95.2,96.16 2 0
github.com/fabriziosalmi/rainlogs/internal/worker/instant_logs.go:96.16,99.3 2 0
github.com/fabriziosalmi/rainlogs/internal/worker/instant_logs.go:101.2,105.16 3 0
github.com/fabriziosalmi/rainlogs/internal/worker/instant_logs.go:105.16,109.3 3 0
github.com/fabriziosalmi/rainlogs/internal/worker/instant_logs.go:112.2,113.16 2 0
github.com/fabriziosalmi/rainlogs/internal/worker/instant_logs.go:113.16,116.3 2 0
github.com/fabriziosalmi/rainlogs/internal/worker/instant_logs.go:118.2,121.19 3 0
github.com/fabriziosalmi/rainlogs/internal/worker/instant_logs.go:121.19,122.23 1 0
github.com/fabriziosalmi/rainlogs/internal/worker/instant_logs.go:122.23,124.4 1 0
github.com/fabriziosalmi/rainlogs/internal/worker/instant_logs.go:126.3,127.31 2 0
github.com/fabriziosalmi/rainlogs/internal/worker/instant_logs.go:127.31,130.4 2 0
github.com/fabriziosalmi/rainlogs/internal/worker/instant_logs.go:133.3,136.17 4 0
github.com/fabriziosalmi/rainlogs/internal/worker/instant_logs.go:136.17,139.4 1 0
github.com/fabriziosalmi/rainlogs/internal/worker/instant_logs.go:139.9,141.4 1 0
github.com/fabriziosalmi/rainlogs/internal/worker/instant_logs.go:143.3,144.19 2 0
github.com/fabriziosalmi/rainlogs/internal/worker/instant_logs.go:147.2,150.6 3 0
github.com/fabriziosalmi/rainlogs/internal/worker/instant_logs.go:150.6,151.10 1 0
github.com/fabriziosalmi/rainlogs/internal/worker/instant_logs.go:152.21,154.10 2 0
github.com/fabriziosalmi/rainlogs/internal/worker/instant_logs.go:155.25,156.12 1 0
github.com/fabriziosalmi/rainlogs/internal/worker/instant_logs.go:157.24,158.11 1 0
github.com/fabriziosalmi/rainlogs/internal/worker/instant_logs.go:158.11,161.5 2 0
github.com/fabriziosalmi/rainlogs/internal/worker/instant_logs.go:162.4,163.27 2 0
github.com/fabriziosalmi/rainlogs/internal/worker/instant_logs.go:163.27,165.5 1 0
github.com/fabriziosalmi/rainlogs/internal/worker/security.go:32.187,41.2 1 0
github.com/fabriziosalmi/rainlogs/internal/worker/security.go:43.89,45.16 2 0
github.com/fabriziosalmi/rainlogs/internal/worker/security.go:45.16,47.3 1 0
github.com/fabriziosalmi/rainlogs/internal/worker/security.go:51.2,59.54 2 0
github.com/fabriziosalmi/rainlogs/internal/worker/security.go:59.54,61.3 1 0
github.com/fabriziosalmi/rainlogs/internal/worker/security.go:64.2,65.16 2 0
github.com/fabriziosalmi/rainlogs/internal/worker/security.go:65.16,67.3 1 0
github.com/fabriziosalmi/rainlogs/internal/worker/security.go:68.2,69.16 2 0
github.com/fabriziosalmi/rainlogs/internal/worker/security.go:69.16,71.3 1 0
github.com/fabriziosalmi/rainlogs/internal/worker/security.go:74.2,75.16 2 0
github.com/fabriziosalmi/rainlogs/internal/worker/security.go:75.16,77.3 1 0
github.com/fabriziosalmi/rainlogs/internal/worker/security.go:80.2,82.16 3 0
github.com/fabriziosalmi/rainlogs/internal/worker/security.go:82.16,84.3 1 0
github.com/fabriziosalmi/rainlogs/internal/worker/security.go:86.2,86.22 1 0
github.com/fabriziosalmi/rainlogs/internal/worker/security.go:86.22,91.3 4 0
github.com/fabriziosalmi/rainlogs/internal/worker/security.go:94.2,95.31 2 0
github.com/fabriziosalmi/rainlogs/internal/worker/security.go:95.31,97.17 2 0
github.com/fabriziosalmi/rainlogs/internal/worker/security.go:97.17,99.12 2 0
github.com/fabriziosalmi/rainlogs/internal/worker/security.go:101.3,102.32 2 0
github.com/fabriziosalmi/rainlogs/internal/worker/security.go:106.2,112.34 6 0
github.com/fabriziosalmi/rainlogs/internal/worker/security.go:112.34,114.3 1 0
github.com/fabriziosalmi/rainlogs/internal/worker/security.go:115.2,122.16 3 0
github.com/fabriziosalmi/rainlogs/internal/worker/security.go:122.16,124.3 1 0
github.com/fabriziosalmi/rainlogs/internal/worker/security.go:127.2,134.54 8 0
github.com/fabriziosalmi/rainlogs/internal/worker/security.go:134.54,136.3 1 0
github.com/fabriziosalmi/rainlogs/internal/worker/security.go:138.2,138.12 1 0
github.com/fabriziosalmi/rainlogs/internal/worker/security.go:141.101,147.2 5 0
github.com/fabriziosalmi/rainlogs/internal/worker/worker.go:36.173,38.25 2 0
github.com/fabriziosalmi/rainlogs/internal/worker/worker.go:38.25,40.3 1 0
github.com/fabriziosalmi/rainlogs/internal/worker/worker.go:41.2,49.3 1 0
github.com/fabriziosalmi/rainlogs/internal/worker/worker.go:52.82,54.16 2 0
github.com/fabriziosalmi/rainlogs/internal/worker/worker.go:54.16,56.3 1 0
github.com/fabriziosalmi/rainlogs/internal/worker/worker.go:59.2,67.54 2 0
github.com/fabriziosalmi/rainlogs/internal/worker/worker.go:67.54,69.3 1 0
github.com/fabriziosalmi/rainlogs/internal/worker/worker.go:72.2,73.16 2 0
github.com/fabriziosalmi/rainlogs/internal/worker/worker.go:73.16,75.3 1 0
github.com/fabriziosalmi/rainlogs/internal/worker/worker.go:76.2,77.16 2 0
github.com/fabriziosalmi/rainlogs/internal/worker/worker.go:77.16,79.3 1 0
github.com/fabriziosalmi/rainlogs/internal/worker/worker.go:82.2,83.16 2 0
github.com/fabriziosalmi/rainlogs/internal/worker/worker.go:83.16,85.3 1 0
github.com/fabriziosalmi/rainlogs/internal/worker/worker.go:88.2,88.22 1 0
github.com/fabriziosalmi/rainlogs/internal/worker/worker.go:88.22,89.45 1 0
github.com/fabriziosalmi/rainlogs/internal/worker/worker.go:89.45,91.4 1 0
github.com/fabriziosalmi/rainlogs/internal/worker/worker.go:94.2,96.16 3 0
github.com/fabriziosalmi/rainlogs/internal/worker/worker.go:96.16,98.3 1 0
github.com/fabriziosalmi/rainlogs/internal/worker/worker.go:100.2,100.20 1 0
github.com/fabriziosalmi/rainlogs/internal/worker/worker.go:100.20,106.3 4 0
github.com/fabriziosalmi/rainlogs/internal/worker/worker.go:109.2,115.34 6 0
github.com/fabriziosalmi/rainlogs/internal/worker/worker.go:115.34,117.3 1 0
github.com/fabriziosalmi/rainlogs/internal/worker/worker.go:119.2,123.16 3 0
github.com/fabriziosalmi/rainlogs/internal/worker/worker.go:123.16,125.3 1 0
github.com/fabriziosalmi/rainlogs/internal/worker/worker.go:128.2,135.54 8 0
github.com/fabriziosalmi/rainlogs/internal/worker/worker.go:135.54,137.3 1 0
github.com/fabriziosalmi/rainlogs/internal/worker/worker.go:143.2,144.16 2 0
github.com/fabriziosalmi/rainlogs/internal/worker/worker.go:144.16,146.3 1 0
github.com/fabriziosalmi/rainlogs/internal/worker/worker.go:147.2,147.67 1 0
github.com/fabriziosalmi/rainlogs/internal/worker/worker.go:147.67,152.3 1 0
github.com/fabriziosalmi/rainlogs/internal/worker/worker.go:154.2,154.12 1 0
github.com/fabriziosalmi/rainlogs/internal/worker/worker.go:157.94,165.47 5 0
github.com/fabriziosalmi/rainlogs/internal/worker/worker.go:165.47,171.3 2 0
github.com/fabriziosalmi/rainlogs/internal/worker/worker.go:173.2,173.12 1 0
github.com/fabriziosalmi/rainlogs/internal/worker/worker.go:182.105,188.2 1 0
github.com/fabriziosalmi/rainlogs/internal/worker/worker.go:190.84,192.16 2 0
github.com/fabriziosalmi/rainlogs/internal/worker/worker.go:192.16,194.3 1 0
github.com/fabriziosalmi/rainlogs/internal/worker/worker.go:196.2,197.16 2 0
github.com/fabriziosalmi/rainlogs/internal/worker/worker.go:197.16,199.3 1 0
github.com/fabriziosalmi/rainlogs/internal/worker/worker.go:201.2,201.41 1 0
github.com/fabriziosalmi/rainlogs/internal/worker/worker.go:201.41,203.3 1 0
github.com/fabriziosalmi/rainlogs/internal/worker/worker.go:205.2,206.16 2 0
github.com/fabriziosalmi/rainlogs/internal/worker/worker.go:206.16,208.3 1 0
github.com/fabriziosalmi/rainlogs/internal/worker/worker.go:210.2,214.27 4 0
github.com/fabriziosalmi/rainlogs/internal/worker/worker.go:214.27,221.3 2 0
github.com/fabriziosalmi/rainlogs/internal/worker/worker.go:224.2,224.63 1 0
github.com/fabriziosalmi/rainlogs/internal/worker/worker.go:224.63,226.3 1 0
github.com/fabriziosalmi/rainlogs/internal/worker/worker.go:228.2,228.12 1 0
github.com/fabriziosalmi/rainlogs/internal/worker/worker.go:237.105,243.2 1 0
github.com/fabriziosalmi/rainlogs/internal/worker/worker.go:245.84,247.16 2 0
github.com/fabriziosalmi/rainlogs/internal/worker/worker.go:247.16,249.3 1 0
github.com/fabriziosalmi/rainlogs/internal/worker/worker.go:251.2,252.16 2 0
github.com/fabriziosalmi/rainlogs/internal/worker/worker.go:252.16,254.3 1 0
github.com/fabriziosalmi/rainlogs/internal/worker/worker.go:256.2,256.27 1 0
github.com/fabriziosalmi/rainlogs/internal/worker/worker.go:256.27,257.22 1 0
github.com/fabriziosalmi/rainlogs/internal/worker/worker.go:257.22,258.65 1 0
github.com/fabriziosalmi/rainlogs/internal/worker/worker.go:258.65,260.13 2 0
github.com/fabriziosalmi/rainlogs/internal/worker/worker.go:263.3,263.63 1 0
github.com/fabriziosalmi/rainlogs/internal/worker/worker.go:263.63,265.4 1 0
github.com/fabriziosalmi/rainlogs/internal/worker/worker.go:268.2,268.12 1 0
github.com/fabriziosalmi/rainlogs/internal/worker/worker.go:278.111,285.2 1 0
github.com/fabriziosalmi/rainlogs/internal/worker/worker.go:287.50,291.6 3 0
github.com/fabriziosalmi/rainlogs/internal/worker/worker.go:291.6,292.10 1 0
github.com/fabriziosalmi/rainlogs/internal/worker/worker.go:293.21,294.10 1 0
github.com/fabriziosalmi/rainlogs/internal/worker/worker.go:295.19,296.19 1 0
github.com/fabriziosalmi/rainlogs/internal/worker/worker.go:301.55,303.16 2 0
github.com/fabriziosalmi/rainlogs/internal/worker/worker.go:303.16,306.3 2 0
github.com/fabriziosalmi/rainlogs/internal/worker/worker.go:308.2,308.29 1 0
github.com/fabriziosalmi/rainlogs/internal/worker/worker.go:308.29,311.31 3 0
github.com/fabriziosalmi/rainlogs/internal/worker/worker.go:311.31,313.4 1 0
github.com/fabriziosalmi/rainlogs/internal/worker/worker.go:315.3,319.20 3 0
github.com/fabriziosalmi/rainlogs/internal/worker/worker.go:320.30,328.18 2 0
github.com/fabriziosalmi/rainlogs/internal/worker/worker.go:328.18,330.13 2 0
github.com/fabriziosalmi/rainlogs/internal/worker/worker.go:332.4,333.61 2 0
github.com/fabriziosalmi/rainlogs/internal/worker/worker.go:335.27,343.18 2 0
github.com/fabriziosalmi/rainlogs/internal/worker/worker.go:343.18,345.13 2 0
github.com/fabriziosalmi/rainlogs/internal/worker/worker.go:347.4,348.60 2 0
github.com/fabriziosalmi/rainlogs/internal/worker/worker.go:350.28,353.12 1 0
github.com/fabriziosalmi/rainlogs/internal/worker/worker.go:355.11,363.18 2 0
github.com/fabriziosalmi/rainlogs/internal/worker/worker.go:363.18,365.13 2 0
github.com/fabriziosalmi/rainlogs/internal/worker/worker.go:367.4,368.61 2 0
github.com/fabriziosalmi/rainlogs/internal/worker/worker.go:371.3,372.17 2 0
github.com/fabriziosalmi/rainlogs/internal/worker/worker.go:372.17,373.89 1 0
github.com/fabriziosalmi/rainlogs/internal/worker/worker.go:373.89,375.13 1 0
github.com/fabriziosalmi/rainlogs/internal/worker/worker.go:377.4,378.12 2 0
github.com/fabriziosalmi/rainlogs/internal/worker/worker.go:381.3,381.72 1 0
github.com/fabriziosalmi/rainlogs/internal/worker/worker.go:381.72,383.4 1 0
github.com/fabriziosalmi/rainlogs/pkg/worm/worm.go:16.66,22.2 5 9
github.com/fabriziosalmi/rainlogs/pkg/worm/worm.go:25.58,28.24 3 4
github.com/fabriziosalmi/rainlogs/pkg/worm/worm.go:28.24,30.3 1 1
github.com/fabriziosalmi/rainlogs/pkg/worm/worm.go:31.2,31.12 1 3
github.com/fabriziosalmi/rainlogs/internal/kms/kms.go:22.45,24.16 2 10
github.com/fabriziosalmi/rainlogs/internal/kms/kms.go:24.16,26.3 1 1
github.com/fabriziosalmi/rainlogs/internal/kms/kms.go:27.2,27.20 1 9
github.com/fabriziosalmi/rainlogs/internal/kms/kms.go:27.20,29.3 1 1
github.com/fabriziosalmi/rainlogs/internal/kms/kms.go:30.2,30.34 1 8
github.com/fabriziosalmi/rainlogs/internal/kms/kms.go:34.63,36.16 2 6
github.com/fabriziosalmi/rainlogs/internal/kms/kms.go:36.16,38.3 1 0
github.com/fabriziosalmi/rainlogs/internal/kms/kms.go:39.2,40.16 2 6
github.com/fabriziosalmi/rainlogs/internal/kms/kms.go:40.16,42.3 1 0
github.com/fabriziosalmi/rainlogs/internal/kms/kms.go:43.2,44.59 2 6
github.com/fabriziosalmi/rainlogs/internal/kms/kms.go:44.59,46.3 1 0
github.com/fabriziosalmi/rainlogs/internal/kms/kms.go:47.2,48.44 2 6
github.com/fabriziosalmi/rainlogs/internal/kms/kms.go:52.67,54.16 2 6
github.com/fabriziosalmi/rainlogs/internal/kms/kms.go:54.16,56.3 1 1
github.com/fabriziosalmi/rainlogs/internal/kms/kms.go:57.2,58.16 2 5
github.com/fabriziosalmi/rainlogs/internal/kms/kms.go:58.16,60.3 1 0
github.com/fabriziosalmi/rainlogs/internal/kms/kms.go:61.2,62.16 2 5
github.com/fabriziosalmi/rainlogs/internal/kms/kms.go:62.16,64.3 1 0
github.com/fabriziosalmi/rainlogs/internal/kms/kms.go:65.2,66.20 2 5
github.com/fabriziosalmi/rainlogs/internal/kms/kms.go:66.20,68.3 1 1
github.com/fabriziosalmi/rainlogs/internal/kms/kms.go:69.2,70.16 2 4
github.com/fabriziosalmi/rainlogs/internal/kms/kms.go:70.16,72.3 1 1
github.com/fabriziosalmi/rainlogs/internal/kms/kms.go:73.2,73.31 1 3
github.com/fabriziosalmi/rainlogs/internal/storage/common.go:23.126,29.41 4 2
github.com/fabriziosalmi/rainlogs/internal/storage/common.go:29.41,31.3 1 0
github.com/fabriziosalmi/rainlogs/internal/storage/common.go:32.2,32.35 1 2
github.com/fabriziosalmi/rainlogs/internal/storage/common.go:32.35,34.3 1 0
github.com/fabriziosalmi/rainlogs/internal/storage/common.go:36.2,43.19 5 2
github.com/fabriziosalmi/rainlogs/internal/storage/common.go:43.19,45.3 1 0
github.com/fabriziosalmi/rainlogs/internal/storage/common.go:48.2,63.8 2 2
github.com/fabriziosalmi/rainlogs/internal/storage/common.go:67.50,69.16 2 2
github.com/fabriziosalmi/rainlogs/internal/storage/common.go:69.16,71.3 1 0
github.com/fabriziosalmi/rainlogs/internal/storage/common.go:72.2,74.23 2 2
github.com/fabriziosalmi/rainlogs/internal/storage/common.go:77.31,79.22 2 2
github.com/fabriziosalmi/rainlogs/internal/storage/common.go:79.22,80.16 1 44
github.com/fabriziosalmi/rainlogs/internal/storage/common.go:80.16,82.4 1 4
github.com/fabriziosalmi/rainlogs/internal/storage/common.go:84.2,84.14 1 2
github.com/fabriziosalmi/rainlogs/internal/storage/fs.go:20.48,22.16 2 1
github.com/fabriziosalmi/rainlogs/internal/storage/fs.go:22.16,24.3 1 0
github.com/fabriziosalmi/rainlogs/internal/storage/fs.go:26.2,26.52 1 1
github.com/fabriziosalmi/rainlogs/internal/storage/fs.go:26.52,28.3 1 0
github.com/fabriziosalmi/rainlogs/internal/storage/fs.go:30.2,33.8 1 1
github.com/fabriziosalmi/rainlogs/internal/storage/fs.go:36.37,38.2 1 0
github.com/fabriziosalmi/rainlogs/internal/storage/fs.go:40.192,53.16 2 1
github.com/fabriziosalmi/rainlogs/internal/storage/fs.go:53.16,55.3 1 0
github.com/fabriziosalmi/rainlogs/internal/storage/fs.go:57.2,60.48 3 1
github.com/fabriziosalmi/rainlogs/internal/storage/fs.go:60.48,62.3 1 0
github.com/fabriziosalmi/rainlogs/internal/storage/fs.go:65.2,66.16 2 1
github.com/fabriziosalmi/rainlogs/internal/storage/fs.go:66.16,68.3 1 0
github.com/fabriziosalmi/rainlogs/internal/storage/fs.go:69.2,72.45 3 1
github.com/fabriziosalmi/rainlogs/internal/storage/fs.go:72.45,75.3 2 0
github.com/fabriziosalmi/rainlogs/internal/storage/fs.go:77.2,77.47 1 1
github.com/fabriziosalmi/rainlogs/internal/storage/fs.go:77.47,80.3 2 0
github.com/fabriziosalmi/rainlogs/internal/storage/fs.go:81.2,81.40 1 1
github.com/fabriziosalmi/rainlogs/internal/storage/fs.go:81.40,83.3 1 0
github.com/fabriziosalmi/rainlogs/internal/storage/fs.go:85.2,85.53 1 1
github.com/fabriziosalmi/rainlogs/internal/storage/fs.go:85.53,87.3 1 0
github.com/fabriziosalmi/rainlogs/internal/storage/fs.go:89.2,89.58 1 1
github.com/fabriziosalmi/rainlogs/internal/storage/fs.go:92.74,95.16 3 2
github.com/fabriziosalmi/rainlogs/internal/storage/fs.go:95.16,96.25 1 1
github.com/fabriziosalmi/rainlogs/internal/storage/fs.go:96.25,98.4 1 1
github.com/fabriziosalmi/rainlogs/internal/storage/fs.go:99.3,99.56 1 0
github.com/fabriziosalmi/rainlogs/internal/storage/fs.go:101.2,108.26 2 1
github.com/fabriziosalmi/rainlogs/internal/storage/fs.go:111.69,113.44 2 1
github.com/fabriziosalmi/rainlogs/internal/storage/fs.go:113.44,114.25 1 0
github.com/fabriziosalmi/rainlogs/internal/storage/fs.go:114.25,116.4 1 0
github.com/fabriziosalmi/rainlogs/internal/storage/fs.go:117.3,117.53 1 0
github.com/fabriziosalmi/rainlogs/internal/storage/fs.go:119.2,119.12 1 1
github.com/fabriziosalmi/rainlogs/internal/storage/s3.go:29.85,35.24 2 0
github.com/fabriziosalmi/rainlogs/internal/storage/s3.go:35.24,37.3 1 0
github.com/fabriziosalmi/rainlogs/internal/storage/s3.go:38.2,42.54 3 0
github.com/fabriziosalmi/rainlogs/internal/storage/s3.go:42.54,44.3 1 0
github.com/fabriziosalmi/rainlogs/internal/storage/s3.go:46.2,46.19 1 0
github.com/fabriziosalmi/rainlogs/internal/storage/s3.go:50.63,54.16 2 0
github.com/fabriziosalmi/rainlogs/internal/storage/s3.go:54.16,56.3 1 0
github.com/fabriziosalmi/rainlogs/internal/storage/s3.go:64.2,67.16 2 0
github.com/fabriziosalmi/rainlogs/internal/storage/s3.go:67.16,72.3 1 0
github.com/fabriziosalmi/rainlogs/internal/storage/s3.go:74.2,74.12 1 0
github.com/fabriziosalmi/rainlogs/internal/storage/s3.go:78.35,78.56 1 0
github.com/fabriziosalmi/rainlogs/internal/storage/s3.go:83.192,85.16 2 0
github.com/fabriziosalmi/rainlogs/internal/storage/s3.go:85.16,87.3 1 0
github.com/fabriziosalmi/rainlogs/internal/storage/s3.go:89.2,97.16 2 0
github.com/fabriziosalmi/rainlogs/internal/storage/s3.go:97.16,99.3 1 0
github.com/fabriziosalmi/rainlogs/internal/storage/s3.go:100.2,100.58 1 0
github.com/fabriziosalmi/rainlogs/internal/storage/s3.go:104.74,109.16 2 0
github.com/fabriziosalmi/rainlogs/internal/storage/s3.go:109.16,111.3 1 0
github.com/fabriziosalmi/rainlogs/internal/storage/s3.go:112.2,114.33 2 0
github.com/fabriziosalmi/rainlogs/internal/storage/s3.go:118.69,123.16 2 0
github.com/fabriziosalmi/rainlogs/internal/storage/s3.go:123.16,125.3 1 0
github.com/fabriziosalmi/rainlogs/internal/storage/s3.go:126.2,126.12 1 0
github.com/fabriziosalmi/rainlogs/internal/storage/s3.go:137.54,139.2 1 0
github.com/fabriziosalmi/rainlogs/internal/storage/s3.go:145.207,146.32 1 0
github.com/fabriziosalmi/rainlogs/internal/storage/s3.go:146.32,150.17 4 0
github.com/fabriziosalmi/rainlogs/internal/storage/s3.go:150.17,152.4 1 0
github.com/fabriziosalmi/rainlogs/internal/storage/s3.go:154.2,154.91 1 0
github.com/fabriziosalmi/rainlogs/internal/storage/s3.go:158.79,160.32 2 0
github.com/fabriziosalmi/rainlogs/internal/storage/s3.go:160.32,162.17 2 0
github.com/fabriziosalmi/rainlogs/internal/storage/s3.go:162.17,164.4 1 0
github.com/fabriziosalmi/rainlogs/internal/storage/s3.go:165.3,165.16 1 0
github.com/fabriziosalmi/rainlogs/internal/storage/s3.go:167.2,167.70 1 0
github.com/fabriziosalmi/rainlogs/internal/storage/s3.go:171.74,173.32 2 0
github.com/fabriziosalmi/rainlogs/internal/storage/s3.go:173.32,174.50 1 0
github.com/fabriziosalmi/rainlogs/internal/storage/s3.go:174.50,176.4 1 0
github.com/fabriziosalmi/rainlogs/internal/storage/s3.go:178.2,178.16 1 0
github.com/fabriziosalmi/rainlogs/internal/auth/auth.go:24.67,26.39 2 6
github.com/fabriziosalmi/rainlogs/internal/auth/auth.go:26.39,28.3 1 0
github.com/fabriziosalmi/rainlogs/internal/auth/auth.go:29.2,30.30 2 6
github.com/fabriziosalmi/rainlogs/internal/auth/auth.go:30.30,32.3 1 0
github.com/fabriziosalmi/rainlogs/internal/auth/auth.go:33.2,36.16 4 6
github.com/fabriziosalmi/rainlogs/internal/auth/auth.go:36.16,38.3 1 0
github.com/fabriziosalmi/rainlogs/internal/auth/auth.go:39.2,39.50 1 6
github.com/fabriziosalmi/rainlogs/internal/auth/auth.go:43.50,45.2 1 2
github.com/fabriziosalmi/rainlogs/internal/auth/auth.go:48.49,49.48 1 3
github.com/fabriziosalmi/rainlogs/internal/auth/auth.go:49.48,51.3 1 1
github.com/fabriziosalmi/rainlogs/internal/auth/auth.go:52.2,53.27 2 2
github.com/fabriziosalmi/rainlogs/internal/auth/auth.go:53.27,55.3 1 1
github.com/fabriziosalmi/rainlogs/internal/auth/auth.go:56.2,56.30 1 1
github.com/fabriziosalmi/rainlogs/internal/auth/auth.go:66.85,77.2 3 4
github.com/fabriziosalmi/rainlogs/internal/auth/auth.go:80.58,82.91 2 4
github.com/fabriziosalmi/rainlogs/internal/auth/auth.go:82.91,83.54 1 4
github.com/fabriziosalmi/rainlogs/internal/auth/auth.go:83.54,85.4 1 0
github.com/fabriziosalmi/rainlogs/internal/auth/auth.go:86.3,86.29 1 4
github.com/fabriziosalmi/rainlogs/internal/auth/auth.go:88.2,88.16 1 4
github.com/fabriziosalmi/rainlogs/internal/auth/auth.go:88.16,90.3 1 3
github.com/fabriziosalmi/rainlogs/internal/auth/auth.go:91.2,91.21 1 1
